生成启动时间为 2020/12/4 15:41:04。
     1>项目“E:\class\软件工程\WordCount\wordcount\wordcount.vcxproj”在节点 2 上(build 个目标)。
     1>InitializeBuildStatus:
         正在创建“Debug\wordcount.unsuccessfulbuild”，因为已指定“AlwaysCreate”。
       ClCompile:
         d:\工作学习\VC\VC\bin\CL.exe /c /ZI /nologo /W3 /WX- /Od /Oy- /D WIN32 /D _DEBUG /D _CONSOLE /D _UNICODE /D UNICODE /Gm /EHsc /RTC1 /MDd /GS /fp:precise /Zc:wchar_t /Zc:forScope /Fo"Debug\\" /Fd"Debug\vc100.pdb" /Gd /TP /analyze- /errorReport:prompt wordcount.cpp
         wordcount.cpp
     1>e:\class\软件工程\wordcount\wordcount\wordcount.cpp(12): warning C4996: 'strcpy': This function or variable may be unsafe. Consider using strcpy_s instead. To disable deprecation, use _CRT_SECURE_NO_WARNINGS. See online help for details.
                 d:\工作学习\vc\vc\include\string.h(105) : 参见“strcpy”的声明
     1>e:\class\软件工程\wordcount\wordcount\wordcount.cpp(13): warning C4996: 'fopen': This function or variable may be unsafe. Consider using fopen_s instead. To disable deprecation, use _CRT_SECURE_NO_WARNINGS. See online help for details.
                 d:\工作学习\vc\vc\include\stdio.h(234) : 参见“fopen”的声明
       ManifestResourceCompile:
         所有输出均为最新。
       Link:
         d:\工作学习\VC\VC\bin\link.exe /ERRORREPORT:PROMPT /OUT:"E:\class\软件工程\WordCount\Debug\wordcount.exe" /INCREMENTAL /NOLOGO kernel32.lib user32.lib gdi32.lib winspool.lib comdlg32.lib advapi32.lib shell32.lib ole32.lib oleaut32.lib uuid.lib odbc32.lib odbccp32.lib /MANIFEST /ManifestFile:"Debug\wordcount.exe.intermediate.manifest" /MANIFESTUAC:"level='asInvoker' uiAccess='false'" /DEBUG /PDB:"E:\class\软件工程\WordCount\Debug\wordcount.pdb" /SUBSYSTEM:CONSOLE /TLBID:1 /DYNAMICBASE /NXCOMPAT /IMPLIB:"E:\class\软件工程\WordCount\Debug\wordcount.lib" /MACHINE:X86 Debug\wordcount.exe.embed.manifest.res
         Debug\wordcount.obj
       Manifest:
         C:\Program Files (x86)\Microsoft SDKs\Windows\v7.0A\bin\mt.exe /nologo /verbose /out:"Debug\wordcount.exe.embed.manifest" /manifest Debug\wordcount.exe.intermediate.manifest
         所有输出均为最新。
       LinkEmbedManifest:
         所有输出均为最新。
         wordcount.vcxproj -> E:\class\软件工程\WordCount\Debug\wordcount.exe
       FinalizeBuildStatus:
         正在删除文件“Debug\wordcount.unsuccessfulbuild”。
         正在对“Debug\wordcount.lastbuildstate”执行 Touch 任务。
     1>已完成生成项目“E:\class\软件工程\WordCount\wordcount\wordcount.vcxproj”(build 个目标)的操作。

生成成功。

已用时间 00:00:00.38
