生成启动时间为 2020/12/5 23:30:39。
     1>项目“E:\class\SoftWarerProject\wordcount\wordcount\wordcount.vcxproj”在节点 2 上(build 个目标)。
     1>InitializeBuildStatus:
         正在对“Debug\wordcount.unsuccessfulbuild”执行 Touch 任务。
       ClCompile:
         所有输出均为最新。
       ManifestResourceCompile:
         所有输出均为最新。
       Link:
         d:\工作学习\VC\VC\bin\link.exe /ERRORREPORT:PROMPT /OUT:"E:\class\SoftWarerProject\wordcount\Debug\wordcount.exe" /INCREMENTAL /NOLOGO kernel32.lib user32.lib gdi32.lib winspool.lib comdlg32.lib advapi32.lib shell32.lib ole32.lib oleaut32.lib uuid.lib odbc32.lib odbccp32.lib /MANIFEST /ManifestFile:"Debug\wordcount.exe.intermediate.manifest" /MANIFESTUAC:"level='asInvoker' uiAccess='false'" /DEBUG /PDB:"E:\class\SoftWarerProject\wordcount\Debug\wordcount.pdb" /SUBSYSTEM:CONSOLE /TLBID:1 /DYNAMICBASE /NXCOMPAT /IMPLIB:"E:\class\SoftWarerProject\wordcount\Debug\wordcount.lib" /MACHINE:X86 Debug\wordcount.exe.embed.manifest.res
         Debug\wordcount.obj
       Manifest:
         C:\Program Files (x86)\Microsoft SDKs\Windows\v7.0A\bin\mt.exe /nologo /verbose /out:"Debug\wordcount.exe.embed.manifest" /manifest Debug\wordcount.exe.intermediate.manifest
         所有输出均为最新。
       LinkEmbedManifest:
         所有输出均为最新。
         wordcount.vcxproj -> E:\class\SoftWarerProject\wordcount\Debug\wordcount.exe
       FinalizeBuildStatus:
         正在删除文件“Debug\wordcount.unsuccessfulbuild”。
         正在对“Debug\wordcount.lastbuildstate”执行 Touch 任务。
     1>已完成生成项目“E:\class\SoftWarerProject\wordcount\wordcount\wordcount.vcxproj”(build 个目标)的操作。

生成成功。

已用时间 00:00:01.52
